#
# There is insufficient memory for the Java Runtime Environment to continue.
# Native memory allocation (mmap) failed to map 100663296 bytes for G1 virtual space
# Possible reasons:
#   The system is out of physical RAM or swap space
#   The process is running with CompressedOops enabled, and the Java Heap may be blocking the growth of the native heap
# Possible solutions:
#   Reduce memory load on the system
#   Increase physical memory or swap space
#   Check if swap backing store is full
#   Decrease Java heap size (-Xmx/-Xms)
#   Decrease number of Java threads
#   Decrease Java thread stack sizes (-Xss)
#   Set larger code cache with -XX:ReservedCodeCacheSize=
#   JVM is running with Unscaled Compressed Oops mode in which the Java heap is
#     placed in the first 4GB address space. The Java Heap base address is the
#     maximum limit for the native heap growth. Please use -XX:HeapBaseMinAddress
#     to set the Java Heap base and to place the Java Heap above 4GB virtual address.
# This output file may be truncated or incomplete.
#
#  Out of Memory Error (os_windows.cpp:3825), pid=10580, tid=21064
#
# JRE version:  (17.0.10+1) (build )
# Java VM: OpenJDK 64-Bit Server VM (17.0.10+1-b1087.23, mixed mode, sharing, tiered, compressed oops, compressed class ptrs, g1 gc, windows-amd64)
# No core dump will be written. Minidumps are not enabled by default on client versions of Windows
#

---------------  S U M M A R Y ------------

Command Line: git4idea.http.GitAskPassApp Username for 'https://github.com': 

Host: AMD Ryzen 5 3500U with Radeon Vega Mobile Gfx  , 8 cores, 5G,  Windows 11 , 64 bit Build 22621 (10.0.22621.3374)
Time: Thu Apr 25 14:46:27 2024 Romance Daylight Time elapsed time: 0.020979 seconds (0d 0h 0m 0s)

---------------  T H R E A D  ---------------

Current thread (0x00000172e53f0a20):  JavaThread "Unknown thread" [_thread_in_vm, id=21064, stack(0x0000000dd2e00000,0x0000000dd2f00000)]

Stack: [0x0000000dd2e00000,0x0000000dd2f00000]
Native frames: (J=compiled Java code, j=interpreted, Vv=VM code, C=native code)
V  [jvm.dll+0x688a29]
V  [jvm.dll+0x84216a]
V  [jvm.dll+0x843dae]
V  [jvm.dll+0x844413]
V  [jvm.dll+0x24ba8f]
V  [jvm.dll+0x6857f9]
V  [jvm.dll+0x67a0aa]
V  [jvm.dll+0x30c7eb]
V  [jvm.dll+0x313c96]
V  [jvm.dll+0x363a2e]
V  [jvm.dll+0x363c5f]
V  [jvm.dll+0x2e25b8]
V  [jvm.dll+0x2e3524]
V  [jvm.dll+0x812cd1]
V  [jvm.dll+0x3718e1]
V  [jvm.dll+0x7f1836]
V  [jvm.dll+0x3f553f]
V  [jvm.dll+0x3f7171]
C  [jli.dll+0x528f]
C  [ucrtbase.dll+0x29333]
C  [KERNEL32.DLL+0x1257d]
C  [ntdll.dll+0x5aa48]


---------------  P R O C E S S  ---------------

Threads class SMR info:
_java_thread_list=0x00007ffee242ef58, length=0, elements={
}

Java Threads: ( => current thread )

Other Threads:
  0x00000172e543d840 GCTaskThread "GC Thread#0" [stack: 0x0000000dd2f00000,0x0000000dd3000000] [id=1940]
  0x00000172e544a5d0 ConcurrentGCThread "G1 Main Marker" [stack: 0x0000000dd3000000,0x0000000dd3100000] [id=12116]
  0x00000172e544aff0 ConcurrentGCThread "G1 Conc#0" [stack: 0x0000000dd3100000,0x0000000dd3200000] [id=18112]

[error occurred during error reporting (printing all threads), id 0xc0000005, EXCEPTION_ACCESS_VIOLATION (0xc0000005) at pc=0x00007ffee1be3187]

VM state: not at safepoint (not fully initialized)

VM Mutex/Monitor currently owned by a thread:  ([mutex/lock_event])
[0x00000172e53eae90] Heap_lock - owner thread: 0x00000172e53f0a20

Heap address: 0x00000000a0e00000, size: 1522 MB, Compressed Oops mode: 32-bit

CDS archive(s) mapped at: [0x0000000000000000-0x0000000000000000-0x0000000000000000), size 0, SharedBaseAddress: 0x0000000800000000, ArchiveRelocationMode: 1.
Narrow klass base: 0x0000000000000000, Narrow klass shift: 0, Narrow klass range: 0x0

GC Precious Log:
<Empty>

Heap:
 garbage-first heap   total 0K, used 0K [0x00000000a0e00000, 0x0000000100000000)
  region size 1024K, 0 young (0K), 0 survivors (0K)
 Metaspace       used 0K, committed 0K, reserved 0K
  class space    used 0K, committed 0K, reserved 0K

Heap Regions: E=young(eden), S=young(survivor), O=old, HS=humongous(starts), HC=humongous(continues), CS=collection set, F=free, OA=open archive, CA=closed archive, TAMS=top-at-mark-start (previous, next)

Card table byte_map: [0x00000172fa0b0000,0x00000172fa3b0000] _byte_map_base: 0x00000172f9ba9000

Marking Bits (Prev, Next): (CMBitMap*) 0x00000172e543de60, (CMBitMap*) 0x00000172e543dea0
 Prev Bits: [0x00000172fa6b0000, 0x00000172fbe78000)
 Next Bits: [0x00000172fbe80000, 0x00000172fd648000)

GC Heap History (0 events):
No events

Dll operation events (1 events):
Event: 0.014 Loaded shared library C:\Program Files\JetBrains\IntelliJ IDEA 2023.3.6\jbr\bin\java.dll

Deoptimization events (0 events):
No events

Classes unloaded (0 events):
No events

Classes redefined (0 events):
No events

Internal exceptions (0 events):
No events

VM Operations (0 events):
No events

Events (0 events):
No events


Dynamic libraries:
0x00007ff6133a0000 - 0x00007ff6133aa000 	C:\Program Files\JetBrains\IntelliJ IDEA 2023.3.6\jbr\bin\java.exe
0x00007fff520d0000 - 0x00007fff522e6000 	C:\WINDOWS\SYSTEM32\ntdll.dll
0x00007fff50ce0000 - 0x00007fff50da4000 	C:\WINDOWS\System32\KERNEL32.DLL
0x00007fff4f8c0000 - 0x00007fff4fc67000 	C:\WINDOWS\System32\KERNELBASE.dll
0x00007fff4fc70000 - 0x00007fff4fd81000 	C:\WINDOWS\System32\ucrtbase.dll
0x00007fff476c0000 - 0x00007fff476db000 	C:\Program Files\JetBrains\IntelliJ IDEA 2023.3.6\jbr\bin\VCRUNTIME140.dll
0x00007fff1cd40000 - 0x00007fff1cd57000 	C:\Program Files\JetBrains\IntelliJ IDEA 2023.3.6\jbr\bin\jli.dll
0x00007fff50b30000 - 0x00007fff50cde000 	C:\WINDOWS\System32\USER32.dll
0x00007fff4f890000 - 0x00007fff4f8b6000 	C:\WINDOWS\System32\win32u.dll
0x00007fff51e90000 - 0x00007fff51eb9000 	C:\WINDOWS\System32\GDI32.dll
0x00007fff4f600000 - 0x00007fff4f719000 	C:\WINDOWS\System32\gdi32full.dll
0x00007fff4f3f0000 - 0x00007fff4f48a000 	C:\WINDOWS\System32\msvcp_win.dll
0x00007fff43bf0000 - 0x00007fff43e83000 	C:\WINDOWS\WinSxS\amd64_microsoft.windows.common-controls_6595b64144ccf1df_6.0.22621.3235_none_270f74e173860f98\COMCTL32.dll
0x00007fff51a50000 - 0x00007fff51af7000 	C:\WINDOWS\System32\msvcrt.dll
0x00007fff50590000 - 0x00007fff505c1000 	C:\WINDOWS\System32\IMM32.DLL
0x00007fff4aad0000 - 0x00007fff4aadc000 	C:\Program Files\JetBrains\IntelliJ IDEA 2023.3.6\jbr\bin\vcruntime140_1.dll
0x00007fff1c670000 - 0x00007fff1c6fd000 	C:\Program Files\JetBrains\IntelliJ IDEA 2023.3.6\jbr\bin\msvcp140.dll
0x00007ffee18f0000 - 0x00007ffee2573000 	C:\Program Files\JetBrains\IntelliJ IDEA 2023.3.6\jbr\bin\server\jvm.dll
0x00007fff50470000 - 0x00007fff50522000 	C:\WINDOWS\System32\ADVAPI32.dll
0x00007fff50db0000 - 0x00007fff50e58000 	C:\WINDOWS\System32\sechost.dll
0x00007fff4f7a0000 - 0x00007fff4f7c8000 	C:\WINDOWS\System32\bcrypt.dll
0x00007fff507c0000 - 0x00007fff508d5000 	C:\WINDOWS\System32\RPCRT4.dll
0x00007fff4f2c0000 - 0x00007fff4f30d000 	C:\WINDOWS\SYSTEM32\POWRPROF.dll
0x00007fff43190000 - 0x00007fff43199000 	C:\WINDOWS\SYSTEM32\WSOCK32.dll
0x00007fff475a0000 - 0x00007fff475d4000 	C:\WINDOWS\SYSTEM32\WINMM.dll
0x00007fff456e0000 - 0x00007fff456ea000 	C:\WINDOWS\SYSTEM32\VERSION.dll
0x00007fff50a40000 - 0x00007fff50ab1000 	C:\WINDOWS\System32\WS2_32.dll
0x00007fff4f2a0000 - 0x00007fff4f2b3000 	C:\WINDOWS\SYSTEM32\UMPDC.dll
0x00007fff4e430000 - 0x00007fff4e448000 	C:\WINDOWS\SYSTEM32\kernel.appcore.dll
0x00007fff42ee0000 - 0x00007fff42eea000 	C:\Program Files\JetBrains\IntelliJ IDEA 2023.3.6\jbr\bin\jimage.dll
0x00007fff44210000 - 0x00007fff44443000 	C:\WINDOWS\SYSTEM32\DBGHELP.DLL
0x00007fff51b00000 - 0x00007fff51e88000 	C:\WINDOWS\System32\combase.dll
0x00007fff506d0000 - 0x00007fff507a7000 	C:\WINDOWS\System32\OLEAUT32.dll
0x00007fff43150000 - 0x00007fff43182000 	C:\WINDOWS\SYSTEM32\dbgcore.DLL
0x00007fff4f720000 - 0x00007fff4f799000 	C:\WINDOWS\System32\bcryptPrimitives.dll
0x00007fff3e4c0000 - 0x00007fff3e4e5000 	C:\Program Files\JetBrains\IntelliJ IDEA 2023.3.6\jbr\bin\java.dll

dbghelp: loaded successfully - version: 4.0.5 - missing functions: none
symbol engine: initialized successfully - sym options: 0x614 - pdb path: .;C:\Program Files\JetBrains\IntelliJ IDEA 2023.3.6\jbr\bin;C:\WINDOWS\SYSTEM32;C:\WINDOWS\WinSxS\amd64_microsoft.windows.common-controls_6595b64144ccf1df_6.0.22621.3235_none_270f74e173860f98;C:\Program Files\JetBrains\IntelliJ IDEA 2023.3.6\jbr\bin\server

VM Arguments:
java_command: git4idea.http.GitAskPassApp Username for 'https://github.com': 
java_class_path (initial): C:/Program Files/JetBrains/IntelliJ IDEA 2023.3.6/plugins/vcs-git/lib/git4idea-rt.jar;C:/Program Files/JetBrains/IntelliJ IDEA 2023.3.6/lib/externalProcess-rt.jar
Launcher Type: SUN_STANDARD

[Global flags]
     intx CICompilerCount                          = 4                                         {product} {ergonomic}
     uint ConcGCThreads                            = 2                                         {product} {ergonomic}
     uint G1ConcRefinementThreads                  = 8                                         {product} {ergonomic}
   size_t G1HeapRegionSize                         = 1048576                                   {product} {ergonomic}
    uintx GCDrainStackTargetSize                   = 64                                        {product} {ergonomic}
   size_t InitialHeapSize                          = 100663296                                 {product} {ergonomic}
   size_t MarkStackSize                            = 4194304                                   {product} {ergonomic}
   size_t MaxHeapSize                              = 1595932672                                {product} {ergonomic}
   size_t MinHeapDeltaBytes                        = 1048576                                   {product} {ergonomic}
   size_t MinHeapSize                              = 8388608                                   {product} {ergonomic}
    uintx NonNMethodCodeHeapSize                   = 5839372                                {pd product} {ergonomic}
    uintx NonProfiledCodeHeapSize                  = 122909434                              {pd product} {ergonomic}
    uintx ProfiledCodeHeapSize                     = 122909434                              {pd product} {ergonomic}
    uintx ReservedCodeCacheSize                    = 251658240                              {pd product} {ergonomic}
     bool SegmentedCodeCache                       = true                                      {product} {ergonomic}
   size_t SoftMaxHeapSize                          = 1595932672                             {manageable} {ergonomic}
     bool UseCompressedClassPointers               = true                           {product lp64_product} {ergonomic}
     bool UseCompressedOops                        = true                           {product lp64_product} {ergonomic}
     bool UseG1GC                                  = true                                      {product} {ergonomic}
     bool UseLargePagesIndividualAllocation        = false                                  {pd product} {ergonomic}

Logging:
Log output configuration:
 #0: stdout all=warning uptime,level,tags
 #1: stderr all=off uptime,level,tags

Environment Variables:
JAVA_HOME=C:\Program Files\Java\jdk-21
PATH=C:\Program Files\Git\mingw64\libexec\git-core;C:\Program Files\Git\mingw64\libexec\git-core;C:\Program Files\Git\mingw64\bin;C:\Program Files\Git\usr\bin;C:\Users\bio\bin;C:\Program Files\Common Files\Oracle\Java\javapath;C:\WINDOWS\system32;C:\WINDOWS;C:\WINDOWS\System32\Wbem;C:\WINDOWS\System32\WindowsPowerShell\v1.0;C:\WINDOWS\System32\OpenSSH;C:\Program Files\Git\cmd;C:\Program Files\Java\jdk-21\bin;C:\Users\bio\AppData\Local\Microsoft\WindowsApps;C:\Users\bio\AppData\Local\Programs\Microsoft VS Code\bin;C:\Users\bio\AppData\Local\GitHubDesktop\bin;C:\Program Files\JetBrains\IntelliJ IDEA Community Edition 2023.3.2\bin
USERNAME=bio
DISPLAY=:0.0
LC_ALL=en_US.UTF-8
TERM=xterm-256color
TMPDIR=C:\Users\bio\AppData\Local\Temp
OS=Windows_NT
PROCESSOR_IDENTIFIER=AMD64 Family 23 Model 24 Stepping 1, AuthenticAMD
TMP=C:\Users\bio\AppData\Local\Temp
TEMP=C:\Users\bio\AppData\Local\Temp



Periodic native trim disabled

JNI global refs:
JNI global refs: 0, weak refs: 0

JNI global refs memory usage: 0, weak refs: 0

OOME stack traces (most recent first):
Classloader memory used:


---------------  S Y S T E M  ---------------

OS:
 Windows 11 , 64 bit Build 22621 (10.0.22621.3374)
OS uptime: 0 days 5:49 hours

CPU: total 8 (initial active 8) (8 cores per cpu, 2 threads per core) family 23 model 24 stepping 1 microcode 0x0, cx8, cmov, fxsr, ht, mmx, 3dnowpref, sse, sse2, sse3, ssse3, sse4a, sse4.1, sse4.2, popcnt, lzcnt, tsc, tscinvbit, avx, avx2, aes, clmul, bmi1, bmi2, adx, sha, fma, vzeroupper, clflush, clflushopt
Processor Information for all 8 processors :
  Max Mhz: 2100, Current Mhz: 2100, Mhz Limit: 2100

Memory: 4k page, system-wide physical 6082M (581M free)
TotalPageFile size 24514M (AvailPageFile size 18M)
current process WorkingSet (physical memory assigned to process): 11M, peak: 11M
current process commit charge ("private bytes"): 60M, peak: 156M

vm_info: OpenJDK 64-Bit Server VM (17.0.10+1-b1087.23) for windows-amd64 JRE (17.0.10+1-b1087.23), built on 2024-03-18 by "builduser" with MS VC++ 16.10 / 16.11 (VS2019)

END.
